<?xml version="1.0" encoding="UTF-8"?>
<!-- Generated by org.testng.reporters.JUnitReportReporter -->
<testsuite hostname="Kaustubh" failures="0" tests="2" name="test.ExtentReportsWithTestNg" time="2.605" errors="0" timestamp="2024-05-07T08:36:27 IST" skipped="0">
  <testcase classname="test.ExtentReportsWithTestNg" name="googleSearchTestFail" time="1.369"/>
  <testcase classname="test.ExtentReportsWithTestNg" name="googleSearchTestPass" time="1.236"/>
</testsuite> <!-- test.ExtentReportsWithTestNg -->
