<?xml version="1.0" encoding="UTF-8"?>
<!-- Generated by org.testng.reporters.JUnitReportReporter -->
<testsuite hostname="Kaustubh" failures="0" tests="1" name="test.GoogleSearchPageTestWithTestNg" time="3.158" errors="0" timestamp="2024-05-06T07:30:25 IST" skipped="0">
  <testcase classname="test.GoogleSearchPageTestWithTestNg" name="googleSearchTest" time="3.158"/>
</testsuite> <!-- test.GoogleSearchPageTestWithTestNg -->
